<?xml version="1.0" encoding="UTF-8"?>
<!-- Generated by org.testng.reporters.JUnitReportReporter -->
<testsuite skipped="0" hostname="LAPTOP-PP7LTPN0" name="kdf.Application" tests="1" failures="0" timestamp="25 Sep 2019 02:28:09 GMT" time="84.253" errors="0">
  <testcase name="verifyInvalidLoginTest" time="84.253" classname="kdf.Application"/>
</testsuite> <!-- kdf.Application -->
